# JRE version: Java(TM) SE Runtime Environment (7.0_65-b17) (build 1.7.0_65-b17)
# Java VM: Java HotSpot(TM) 64-Bit Server VM (24.65-b04 mixed mode linux-amd64 compressed oops)
Heap
 PSYoungGen      total 184832K, used 45506K [0x00000000eaa80000, 0x00000000f9480000, 0x0000000100000000)
  eden space 130048K, 0% used [0x00000000eaa80000,0x00000000eaa80000,0x00000000f2980000)
  from space 54784K, 83% used [0x00000000f2980000,0x00000000f55f0bf8,0x00000000f5f00000)
  to   space 48128K, 0% used [0x00000000f6100000,0x00000000f6100000,0x00000000f9000000)
 ParOldGen       total 116736K, used 70809K [0x00000000c0000000, 0x00000000c7200000, 0x00000000eaa80000)
  object space 116736K, 60% used [0x00000000c0000000,0x00000000c4526688,0x00000000c7200000)
 PSPermGen       total 21504K, used 5340K [0x00000000bae00000, 0x00000000bc300000, 0x00000000c0000000)
  object space 21504K, 24% used [0x00000000bae00000,0x00000000bb3373a8,0x00000000bc300000)
GC Heap History (10 events):
Event: 9,286 GC heap after
Heap after GC invocations=9 (full 2):
 PSYoungGen      total 75264K, used 0K [0x00000000eaa80000, 0x00000000f5080000, 0x0000000100000000)
  eden space 57856K, 0% used [0x00000000eaa80000,0x00000000eaa80000,0x00000000ee300000)
  from space 17408K, 0% used [0x00000000ee300000,0x00000000ee300000,0x00000000ef400000)
  to   space 33280K, 0% used [0x00000000f3000000,0x00000000f3000000,0x00000000f5080000)
 ParOldGen       total 87040K, used 40992K [0x00000000c0000000, 0x00000000c5500000, 0x00000000eaa80000)
  object space 87040K, 47% used [0x00000000c0000000,0x00000000c28082b8,0x00000000c5500000)
 PSPermGen       total 21504K, used 5328K [0x00000000bae00000, 0x00000000bc300000, 0x00000000c0000000)
  object space 21504K, 24% used [0x00000000bae00000,0x00000000bb334080,0x00000000bc300000)
}
Event: 9,528 GC heap before
{Heap before GC invocations=10 (full 2):
 PSYoungGen      total 75264K, used 57856K [0x00000000eaa80000, 0x00000000f5080000, 0x0000000100000000)
  eden space 57856K, 100% used [0x00000000eaa80000,0x00000000ee300000,0x00000000ee300000)
  from space 17408K, 0% used [0x00000000ee300000,0x00000000ee300000,0x00000000ef400000)
  to   space 33280K, 0% used [0x00000000f3000000,0x00000000f3000000,0x00000000f5080000)
 ParOldGen       total 87040K, used 40992K [0x00000000c0000000, 0x00000000c5500000, 0x00000000eaa80000)
  object space 87040K, 47% used [0x00000000c0000000,0x00000000c28082b8,0x00000000c5500000)
 PSPermGen       total 21504K, used 5328K [0x00000000bae00000, 0x00000000bc300000, 0x00000000c0000000)
  object space 21504K, 24% used [0x00000000bae00000,0x00000000bb334080,0x00000000bc300000)
Event: 9,559 GC heap after
Heap after GC invocations=10 (full 2):
 PSYoungGen      total 123392K, used 13537K [0x00000000eaa80000, 0x00000000f4880000, 0x0000000100000000)
  eden space 98304K, 0% used [0x00000000eaa80000,0x00000000eaa80000,0x00000000f0a80000)
  from space 25088K, 53% used [0x00000000f3000000,0x00000000f3d386d0,0x00000000f4880000)
  to   space 31744K, 0% used [0x00000000f0a80000,0x00000000f0a80000,0x00000000f2980000)
 ParOldGen       total 87040K, used 40992K [0x00000000c0000000, 0x00000000c5500000, 0x00000000eaa80000)
  object space 87040K, 47% used [0x00000000c0000000,0x00000000c28082b8,0x00000000c5500000)
 PSPermGen       total 21504K, used 5328K [0x00000000bae00000, 0x00000000bc300000, 0x00000000c0000000)
  object space 21504K, 24% used [0x00000000bae00000,0x00000000bb334080,0x00000000bc300000)
}
Event: 10,846 GC heap before
{Heap before GC invocations=11 (full 2):
 PSYoungGen      total 123392K, used 111841K [0x00000000eaa80000, 0x00000000f4880000, 0x0000000100000000)
  eden space 98304K, 100% used [0x00000000eaa80000,0x00000000f0a80000,0x00000000f0a80000)
  from space 25088K, 53% used [0x00000000f3000000,0x00000000f3d386d0,0x00000000f4880000)
  to   space 31744K, 0% used [0x00000000f0a80000,0x00000000f0a80000,0x00000000f2980000)
 ParOldGen       total 87040K, used 40992K [0x00000000c0000000, 0x00000000c5500000, 0x00000000eaa80000)
  object space 87040K, 47% used [0x00000000c0000000,0x00000000c28082b8,0x00000000c5500000)
 PSPermGen       total 21504K, used 5328K [0x00000000bae00000, 0x00000000bc300000, 0x00000000c0000000)
  object space 21504K, 24% used [0x00000000bae00000,0x00000000bb334138,0x00000000bc300000)
Event: 10,943 GC heap after
Heap after GC invocations=11 (full 2):
 PSYoungGen      total 130048K, used 31730K [0x00000000eaa80000, 0x00000000f9000000, 0x0000000100000000)
  eden space 98304K, 0% used [0x00000000eaa80000,0x00000000eaa80000,0x00000000f0a80000)
  from space 31744K, 99% used [0x00000000f0a80000,0x00000000f297cbc8,0x00000000f2980000)
  to   space 48128K, 0% used [0x00000000f6100000,0x00000000f6100000,0x00000000f9000000)
 ParOldGen       total 87040K, used 69601K [0x00000000c0000000, 0x00000000c5500000, 0x00000000eaa80000)
  object space 87040K, 79% used [0x00000000c0000000,0x00000000c43f8770,0x00000000c5500000)
 PSPermGen       total 21504K, used 5328K [0x00000000bae00000, 0x00000000bc300000, 0x00000000c0000000)
  object space 21504K, 24% used [0x00000000bae00000,0x00000000bb334138,0x00000000bc300000)
}
Event: 10,943 GC heap before
{Heap before GC invocations=12 (full 3):
 PSYoungGen      total 130048K, used 31730K [0x00000000eaa80000, 0x00000000f9000000, 0x0000000100000000)
  eden space 98304K, 0% used [0x00000000eaa80000,0x00000000eaa80000,0x00000000f0a80000)
  from space 31744K, 99% used [0x00000000f0a80000,0x00000000f297cbc8,0x00000000f2980000)
  to   space 48128K, 0% used [0x00000000f6100000,0x00000000f6100000,0x00000000f9000000)
 ParOldGen       total 87040K, used 69601K [0x00000000c0000000, 0x00000000c5500000, 0x00000000eaa80000)
  object space 87040K, 79% used [0x00000000c0000000,0x00000000c43f8770,0x00000000c5500000)
 PSPermGen       total 21504K, used 5328K [0x00000000bae00000, 0x00000000bc300000, 0x00000000c0000000)
  object space 21504K, 24% used [0x00000000bae00000,0x00000000bb334138,0x00000000bc300000)
Event: 11,213 GC heap after
Heap after GC invocations=12 (full 3):
 PSYoungGen      total 130048K, used 0K [0x00000000eaa80000, 0x00000000f9000000, 0x0000000100000000)
  eden space 98304K, 0% used [0x00000000eaa80000,0x00000000eaa80000,0x00000000f0a80000)
  from space 31744K, 0% used [0x00000000f0a80000,0x00000000f0a80000,0x00000000f2980000)
  to   space 48128K, 0% used [0x00000000f6100000,0x00000000f6100000,0x00000000f9000000)
 ParOldGen       total 116736K, used 59092K [0x00000000c0000000, 0x00000000c7200000, 0x00000000eaa80000)
  object space 116736K, 50% used [0x00000000c0000000,0x00000000c39b5390,0x00000000c7200000)
 PSPermGen       total 21504K, used 5328K [0x00000000bae00000, 0x00000000bc300000, 0x00000000c0000000)
  object space 21504K, 24% used [0x00000000bae00000,0x00000000bb334118,0x00000000bc300000)
}
Event: 12,435 GC heap before
{Heap before GC invocations=13 (full 3):
 PSYoungGen      total 130048K, used 98304K [0x00000000eaa80000, 0x00000000f9000000, 0x0000000100000000)
  eden space 98304K, 100% used [0x00000000eaa80000,0x00000000f0a80000,0x00000000f0a80000)
  from space 31744K, 0% used [0x00000000f0a80000,0x00000000f0a80000,0x00000000f2980000)
  to   space 48128K, 0% used [0x00000000f6100000,0x00000000f6100000,0x00000000f9000000)
 ParOldGen       total 116736K, used 59092K [0x00000000c0000000, 0x00000000c7200000, 0x00000000eaa80000)
  object space 116736K, 50% used [0x00000000c0000000,0x00000000c39b5390,0x00000000c7200000)
 PSPermGen       total 21504K, used 5338K [0x00000000bae00000, 0x00000000bc300000, 0x00000000c0000000)
  object space 21504K, 24% used [0x00000000bae00000,0x00000000bb336b58,0x00000000bc300000)
Event: 12,519 GC heap after
Heap after GC invocations=13 (full 3):
 PSYoungGen      total 178176K, used 45632K [0x00000000eaa80000, 0x00000000f9480000, 0x0000000100000000)
  eden space 130048K, 0% used [0x00000000eaa80000,0x00000000eaa80000,0x00000000f2980000)
  from space 48128K, 94% used [0x00000000f6100000,0x00000000f8d90198,0x00000000f9000000)
  to   space 54784K, 0% used [0x00000000f2980000,0x00000000f2980000,0x00000000f5f00000)
 ParOldGen       total 116736K, used 59092K [0x00000000c0000000, 0x00000000c7200000, 0x00000000eaa80000)
  object space 116736K, 50% used [0x00000000c0000000,0x00000000c39b5390,0x00000000c7200000)
 PSPermGen       total 21504K, used 5338K [0x00000000bae00000, 0x00000000bc300000, 0x00000000c0000000)
  object space 21504K, 24% used [0x00000000bae00000,0x00000000bb336b58,0x00000000bc300000)
}
Event: 13,976 GC heap before
{Heap before GC invocations=14 (full 3):
 PSYoungGen      total 178176K, used 175680K [0x00000000eaa80000, 0x00000000f9480000, 0x0000000100000000)
  eden space 130048K, 100% used [0x00000000eaa80000,0x00000000f2980000,0x00000000f2980000)
  from space 48128K, 94% used [0x00000000f6100000,0x00000000f8d90198,0x00000000f9000000)
  to   space 54784K, 0% used [0x00000000f2980000,0x00000000f2980000,0x00000000f5f00000)
 ParOldGen       total 116736K, used 59092K [0x00000000c0000000, 0x00000000c7200000, 0x00000000eaa80000)
  object space 116736K, 50% used [0x00000000c0000000,0x00000000c39b5390,0x00000000c7200000)
 PSPermGen       total 21504K, used 5340K [0x00000000bae00000, 0x00000000bc300000, 0x00000000c0000000)
  object space 21504K, 24% used [0x00000000bae00000,0x00000000bb3373a8,0x00000000bc300000)

