# JRE version: Java(TM) SE Runtime Environment (7.0_65-b17) (build 1.7.0_65-b17)
# Java VM: Java HotSpot(TM) 64-Bit Server VM (24.65-b04 mixed mode linux-amd64 compressed oops)
Heap
 PSYoungGen      total 183808K, used 42690K [0x00000000eaa80000, 0x00000000f9100000, 0x0000000100000000)
  eden space 131584K, 0% used [0x00000000eaa80000,0x00000000eaa80000,0x00000000f2b00000)
  from space 52224K, 81% used [0x00000000f2b00000,0x00000000f54b0bf8,0x00000000f5e00000)
  to   space 47616K, 0% used [0x00000000f6100000,0x00000000f6100000,0x00000000f8f80000)
 ParOldGen       total 113664K, used 70120K [0x00000000c0000000, 0x00000000c6f00000, 0x00000000eaa80000)
  object space 113664K, 61% used [0x00000000c0000000,0x00000000c447a1f8,0x00000000c6f00000)
 PSPermGen       total 21504K, used 5338K [0x00000000bae00000, 0x00000000bc300000, 0x00000000c0000000)
  object space 21504K, 24% used [0x00000000bae00000,0x00000000bb336a30,0x00000000bc300000)
GC Heap History (10 events):
Event: 50,040 GC heap after
Heap after GC invocations=9 (full 2):
 PSYoungGen      total 71168K, used 0K [0x00000000eaa80000, 0x00000000f4600000, 0x0000000100000000)
  eden space 53760K, 0% used [0x00000000eaa80000,0x00000000eaa80000,0x00000000edf00000)
  from space 17408K, 0% used [0x00000000edf00000,0x00000000edf00000,0x00000000ef000000)
  to   space 32256K, 0% used [0x00000000f2680000,0x00000000f2680000,0x00000000f4600000)
 ParOldGen       total 83968K, used 38723K [0x00000000c0000000, 0x00000000c5200000, 0x00000000eaa80000)
  object space 83968K, 46% used [0x00000000c0000000,0x00000000c25d0c68,0x00000000c5200000)
 PSPermGen       total 21504K, used 5326K [0x00000000bae00000, 0x00000000bc300000, 0x00000000c0000000)
  object space 21504K, 24% used [0x00000000bae00000,0x00000000bb333818,0x00000000bc300000)
}
Event: 51,284 GC heap before
{Heap before GC invocations=10 (full 2):
 PSYoungGen      total 71168K, used 53760K [0x00000000eaa80000, 0x00000000f4600000, 0x0000000100000000)
  eden space 53760K, 100% used [0x00000000eaa80000,0x00000000edf00000,0x00000000edf00000)
  from space 17408K, 0% used [0x00000000edf00000,0x00000000edf00000,0x00000000ef000000)
  to   space 32256K, 0% used [0x00000000f2680000,0x00000000f2680000,0x00000000f4600000)
 ParOldGen       total 83968K, used 38723K [0x00000000c0000000, 0x00000000c5200000, 0x00000000eaa80000)
  object space 83968K, 46% used [0x00000000c0000000,0x00000000c25d0c68,0x00000000c5200000)
 PSPermGen       total 21504K, used 5326K [0x00000000bae00000, 0x00000000bc300000, 0x00000000c0000000)
  object space 21504K, 24% used [0x00000000bae00000,0x00000000bb333818,0x00000000bc300000)
Event: 51,315 GC heap after
Heap after GC invocations=10 (full 2):
 PSYoungGen      total 125952K, used 15825K [0x00000000eaa80000, 0x00000000f4400000, 0x0000000100000000)
  eden space 95744K, 0% used [0x00000000eaa80000,0x00000000eaa80000,0x00000000f0800000)
  from space 30208K, 52% used [0x00000000f2680000,0x00000000f35f47f0,0x00000000f4400000)
  to   space 30720K, 0% used [0x00000000f0800000,0x00000000f0800000,0x00000000f2600000)
 ParOldGen       total 83968K, used 38723K [0x00000000c0000000, 0x00000000c5200000, 0x00000000eaa80000)
  object space 83968K, 46% used [0x00000000c0000000,0x00000000c25d0c68,0x00000000c5200000)
 PSPermGen       total 21504K, used 5326K [0x00000000bae00000, 0x00000000bc300000, 0x00000000c0000000)
  object space 21504K, 24% used [0x00000000bae00000,0x00000000bb333818,0x00000000bc300000)
}
Event: 53,500 GC heap before
{Heap before GC invocations=11 (full 2):
 PSYoungGen      total 125952K, used 111569K [0x00000000eaa80000, 0x00000000f4400000, 0x0000000100000000)
  eden space 95744K, 100% used [0x00000000eaa80000,0x00000000f0800000,0x00000000f0800000)
  from space 30208K, 52% used [0x00000000f2680000,0x00000000f35f47f0,0x00000000f4400000)
  to   space 30720K, 0% used [0x00000000f0800000,0x00000000f0800000,0x00000000f2600000)
 ParOldGen       total 83968K, used 38723K [0x00000000c0000000, 0x00000000c5200000, 0x00000000eaa80000)
  object space 83968K, 46% used [0x00000000c0000000,0x00000000c25d0c68,0x00000000c5200000)
 PSPermGen       total 21504K, used 5329K [0x00000000bae00000, 0x00000000bc300000, 0x00000000c0000000)
  object space 21504K, 24% used [0x00000000bae00000,0x00000000bb3345c8,0x00000000bc300000)
Event: 53,706 GC heap after
Heap after GC invocations=11 (full 2):
 PSYoungGen      total 126464K, used 30700K [0x00000000eaa80000, 0x00000000f8f80000, 0x0000000100000000)
  eden space 95744K, 0% used [0x00000000eaa80000,0x00000000eaa80000,0x00000000f0800000)
  from space 30720K, 99% used [0x00000000f0800000,0x00000000f25fb358,0x00000000f2600000)
  to   space 47616K, 0% used [0x00000000f6100000,0x00000000f6100000,0x00000000f8f80000)
 ParOldGen       total 83968K, used 69273K [0x00000000c0000000, 0x00000000c5200000, 0x00000000eaa80000)
  object space 83968K, 82% used [0x00000000c0000000,0x00000000c43a64e0,0x00000000c5200000)
 PSPermGen       total 21504K, used 5329K [0x00000000bae00000, 0x00000000bc300000, 0x00000000c0000000)
  object space 21504K, 24% used [0x00000000bae00000,0x00000000bb3345c8,0x00000000bc300000)
}
Event: 53,706 GC heap before
{Heap before GC invocations=12 (full 3):
 PSYoungGen      total 126464K, used 30700K [0x00000000eaa80000, 0x00000000f8f80000, 0x0000000100000000)
  eden space 95744K, 0% used [0x00000000eaa80000,0x00000000eaa80000,0x00000000f0800000)
  from space 30720K, 99% used [0x00000000f0800000,0x00000000f25fb358,0x00000000f2600000)
  to   space 47616K, 0% used [0x00000000f6100000,0x00000000f6100000,0x00000000f8f80000)
 ParOldGen       total 83968K, used 69273K [0x00000000c0000000, 0x00000000c5200000, 0x00000000eaa80000)
  object space 83968K, 82% used [0x00000000c0000000,0x00000000c43a64e0,0x00000000c5200000)
 PSPermGen       total 21504K, used 5329K [0x00000000bae00000, 0x00000000bc300000, 0x00000000c0000000)
  object space 21504K, 24% used [0x00000000bae00000,0x00000000bb3345c8,0x00000000bc300000)
Event: 54,288 GC heap after
Heap after GC invocations=12 (full 3):
 PSYoungGen      total 126464K, used 0K [0x00000000eaa80000, 0x00000000f8f80000, 0x0000000100000000)
  eden space 95744K, 0% used [0x00000000eaa80000,0x00000000eaa80000,0x00000000f0800000)
  from space 30720K, 0% used [0x00000000f0800000,0x00000000f0800000,0x00000000f2600000)
  to   space 47616K, 0% used [0x00000000f6100000,0x00000000f6100000,0x00000000f8f80000)
 ParOldGen       total 113664K, used 57018K [0x00000000c0000000, 0x00000000c6f00000, 0x00000000eaa80000)
  object space 113664K, 50% used [0x00000000c0000000,0x00000000c37ae8a0,0x00000000c6f00000)
 PSPermGen       total 21504K, used 5329K [0x00000000bae00000, 0x00000000bc300000, 0x00000000c0000000)
  object space 21504K, 24% used [0x00000000bae00000,0x00000000bb334548,0x00000000bc300000)
}
Event: 57,380 GC heap before
{Heap before GC invocations=13 (full 3):
 PSYoungGen      total 126464K, used 95744K [0x00000000eaa80000, 0x00000000f8f80000, 0x0000000100000000)
  eden space 95744K, 100% used [0x00000000eaa80000,0x00000000f0800000,0x00000000f0800000)
  from space 30720K, 0% used [0x00000000f0800000,0x00000000f0800000,0x00000000f2600000)
  to   space 47616K, 0% used [0x00000000f6100000,0x00000000f6100000,0x00000000f8f80000)
 ParOldGen       total 113664K, used 57018K [0x00000000c0000000, 0x00000000c6f00000, 0x00000000eaa80000)
  object space 113664K, 50% used [0x00000000c0000000,0x00000000c37ae8a0,0x00000000c6f00000)
 PSPermGen       total 21504K, used 5335K [0x00000000bae00000, 0x00000000bc300000, 0x00000000c0000000)
  object space 21504K, 24% used [0x00000000bae00000,0x00000000bb335e50,0x00000000bc300000)
Event: 57,528 GC heap after
Heap after GC invocations=13 (full 3):
 PSYoungGen      total 179200K, used 39273K [0x00000000eaa80000, 0x00000000f9100000, 0x0000000100000000)
  eden space 131584K, 0% used [0x00000000eaa80000,0x00000000eaa80000,0x00000000f2b00000)
  from space 47616K, 82% used [0x00000000f6100000,0x00000000f875a7f8,0x00000000f8f80000)
  to   space 52224K, 0% used [0x00000000f2b00000,0x00000000f2b00000,0x00000000f5e00000)
 ParOldGen       total 113664K, used 57018K [0x00000000c0000000, 0x00000000c6f00000, 0x00000000eaa80000)
  object space 113664K, 50% used [0x00000000c0000000,0x00000000c37ae8a0,0x00000000c6f00000)
 PSPermGen       total 21504K, used 5335K [0x00000000bae00000, 0x00000000bc300000, 0x00000000c0000000)
  object space 21504K, 24% used [0x00000000bae00000,0x00000000bb335e50,0x00000000bc300000)
}
Event: 59,082 GC heap before
{Heap before GC invocations=14 (full 3):
 PSYoungGen      total 179200K, used 170857K [0x00000000eaa80000, 0x00000000f9100000, 0x0000000100000000)
  eden space 131584K, 100% used [0x00000000eaa80000,0x00000000f2b00000,0x00000000f2b00000)
  from space 47616K, 82% used [0x00000000f6100000,0x00000000f875a7f8,0x00000000f8f80000)
  to   space 52224K, 0% used [0x00000000f2b00000,0x00000000f2b00000,0x00000000f5e00000)
 ParOldGen       total 113664K, used 57018K [0x00000000c0000000, 0x00000000c6f00000, 0x00000000eaa80000)
  object space 113664K, 50% used [0x00000000c0000000,0x00000000c37ae8a0,0x00000000c6f00000)
 PSPermGen       total 21504K, used 5338K [0x00000000bae00000, 0x00000000bc300000, 0x00000000c0000000)
  object space 21504K, 24% used [0x00000000bae00000,0x00000000bb336a30,0x00000000bc300000)

